{"C:\\Users\\cloncar\\source\\repos\\ts-redux-actions-reducer-factory\\src\\IPreReducerFactory.ts": {"path":"C:\\Users\\cloncar\\source\\repos\\ts-redux-actions-reducer-factory\\src\\IPreReducerFactory.ts","statementMap":{},"fnMap":{},"branchMap":{},"s":{},"f":{},"b":{}}
,"C:\\Users\\cloncar\\source\\repos\\ts-redux-actions-reducer-factory\\src\\ReducerFactory.ts": {"path":"C:\\Users\\cloncar\\source\\repos\\ts-redux-actions-reducer-factory\\src\\ReducerFactory.ts","statementMap":{"0":{"start":{"line":1,"column":0},"end":{"line":1,"column":54}},"1":{"start":{"line":65,"column":8},"end":{"line":65,"column":48}},"2":{"start":{"line":66,"column":8},"end":{"line":66,"column":31}},"3":{"start":{"line":15,"column":8},"end":{"line":15,"column":43}},"4":{"start":{"line":39,"column":8},"end":{"line":39,"column":64}},"5":{"start":{"line":40,"column":8},"end":{"line":40,"column":68}},"6":{"start":{"line":44,"column":8},"end":{"line":44,"column":50}},"7":{"start":{"line":87,"column":8},"end":{"line":87,"column":56}},"8":{"start":{"line":91,"column":8},"end":{"line":91,"column":40}},"9":{"start":{"line":95,"column":8},"end":{"line":95,"column":45}},"10":{"start":{"line":96,"column":8},"end":{"line":96,"column":27}},"11":{"start":{"line":100,"column":8},"end":{"line":100,"column":55}},"12":{"start":{"line":101,"column":8},"end":{"line":101,"column":27}},"13":{"start":{"line":105,"column":8},"end":{"line":105,"column":27}},"14":{"start":{"line":109,"column":8},"end":{"line":109,"column":30}},"15":{"start":{"line":115,"column":8},"end":{"line":117,"column":11}},"16":{"start":{"line":119,"column":36},"end":{"line":119,"column":87}},"17":{"start":{"line":120,"column":34},"end":{"line":120,"column":126}},"18":{"start":{"line":122,"column":8},"end":{"line":124,"column":11}},"19":{"start":{"line":126,"column":8},"end":{"line":126,"column":27}},"20":{"start":{"line":130,"column":24},"end":{"line":132,"column":18}},"21":{"start":{"line":130,"column":67},"end":{"line":132,"column":18}},"22":{"start":{"line":134,"column":8},"end":{"line":134,"column":51}},"23":{"start":{"line":143,"column":12},"end":{"line":143,"column":82}},"24":{"start":{"line":145,"column":12},"end":{"line":145,"column":38}},"25":{"start":{"line":148,"column":32},"end":{"line":148,"column":107}},"26":{"start":{"line":150,"column":8},"end":{"line":155,"column":11}},"27":{"start":{"line":157,"column":8},"end":{"line":157,"column":27}},"28":{"start":{"line":161,"column":8},"end":{"line":161,"column":55}},"29":{"start":{"line":165,"column":8},"end":{"line":165,"column":85}},"30":{"start":{"line":169,"column":8},"end":{"line":169,"column":36}},"31":{"start":{"line":5,"column":0},"end":{"line":5,"column":13}},"32":{"start":{"line":174,"column":4},"end":{"line":174,"column":35}},"33":{"start":{"line":173,"column":0},"end":{"line":173,"column":16}}},"fnMap":{"0":{"name":"(anonymous_0)","decl":{"start":{"line":57,"column":4},"end":{"line":57,"column":26}},"loc":{"start":{"line":64,"column":69},"end":{"line":67,"column":5}}},"1":{"name":"(anonymous_1)","decl":{"start":{"line":14,"column":11},"end":{"line":14,"column":17}},"loc":{"start":{"line":14,"column":24},"end":{"line":16,"column":5}}},"2":{"name":"(anonymous_2)","decl":{"start":{"line":22,"column":14},"end":{"line":22,"column":20}},"loc":{"start":{"line":38,"column":5},"end":{"line":41,"column":5}}},"3":{"name":"(anonymous_3)","decl":{"start":{"line":43,"column":12},"end":{"line":43,"column":18}},"loc":{"start":{"line":43,"column":36},"end":{"line":45,"column":5}}},"4":{"name":"(anonymous_4)","decl":{"start":{"line":70,"column":14},"end":{"line":70,"column":29}},"loc":{"start":{"line":86,"column":6},"end":{"line":88,"column":5}}},"5":{"name":"(anonymous_5)","decl":{"start":{"line":90,"column":4},"end":{"line":90,"column":15}},"loc":{"start":{"line":90,"column":32},"end":{"line":92,"column":5}}},"6":{"name":"(anonymous_6)","decl":{"start":{"line":94,"column":11},"end":{"line":94,"column":25}},"loc":{"start":{"line":94,"column":41},"end":{"line":97,"column":5}}},"7":{"name":"(anonymous_7)","decl":{"start":{"line":99,"column":11},"end":{"line":99,"column":29}},"loc":{"start":{"line":99,"column":50},"end":{"line":102,"column":5}}},"8":{"name":"(anonymous_8)","decl":{"start":{"line":104,"column":11},"end":{"line":104,"column":29}},"loc":{"start":{"line":104,"column":29},"end":{"line":106,"column":5}}},"9":{"name":"(anonymous_9)","decl":{"start":{"line":108,"column":11},"end":{"line":108,"column":22}},"loc":{"start":{"line":108,"column":51},"end":{"line":110,"column":5}}},"10":{"name":"(anonymous_10)","decl":{"start":{"line":112,"column":11},"end":{"line":112,"column":21}},"loc":{"start":{"line":114,"column":112},"end":{"line":127,"column":5}}},"11":{"name":"(anonymous_11)","decl":{"start":{"line":129,"column":11},"end":{"line":129,"column":28}},"loc":{"start":{"line":129,"column":153},"end":{"line":135,"column":5}}},"12":{"name":"(anonymous_12)","decl":{"start":{"line":130,"column":24},"end":{"line":130,"column":25}},"loc":{"start":{"line":130,"column":67},"end":{"line":132,"column":18}}},"13":{"name":"(anonymous_13)","decl":{"start":{"line":137,"column":14},"end":{"line":137,"column":33}},"loc":{"start":{"line":137,"column":98},"end":{"line":158,"column":5}}},"14":{"name":"(anonymous_14)","decl":{"start":{"line":160,"column":11},"end":{"line":160,"column":29}},"loc":{"start":{"line":160,"column":58},"end":{"line":162,"column":5}}},"15":{"name":"(anonymous_15)","decl":{"start":{"line":164,"column":12},"end":{"line":164,"column":25}},"loc":{"start":{"line":164,"column":25},"end":{"line":166,"column":5}}},"16":{"name":"(anonymous_16)","decl":{"start":{"line":168,"column":11},"end":{"line":168,"column":20}},"loc":{"start":{"line":168,"column":20},"end":{"line":170,"column":5}}},"17":{"name":"createReducerFactory","decl":{"start":{"line":173,"column":16},"end":{"line":173,"column":36}},"loc":{"start":{"line":173,"column":36},"end":{"line":175,"column":1}}}},"branchMap":{"0":{"loc":{"start":{"line":64,"column":28},"end":{"line":64,"column":69}},"type":"default-arg","locations":[{"start":{"line":64,"column":28},"end":{"line":64,"column":69}}]},"1":{"loc":{"start":{"line":39,"column":34},"end":{"line":39,"column":57}},"type":"binary-expr","locations":[{"start":{"line":39,"column":34},"end":{"line":39,"column":57}},{"start":{"line":39,"column":61},"end":{"line":39,"column":63}}]},"2":{"loc":{"start":{"line":40,"column":36},"end":{"line":40,"column":61}},"type":"binary-expr","locations":[{"start":{"line":40,"column":36},"end":{"line":40,"column":61}},{"start":{"line":40,"column":65},"end":{"line":40,"column":67}}]},"3":{"loc":{"start":{"line":119,"column":63},"end":{"line":119,"column":75}},"type":"cond-expr","locations":[{"start":{"line":119,"column":63},"end":{"line":119,"column":75}},{"start":{"line":119,"column":78},"end":{"line":119,"column":87}}]},"4":{"loc":{"start":{"line":141,"column":12},"end":{"line":141,"column":44}},"type":"binary-expr","locations":[{"start":{"line":141,"column":12},"end":{"line":141,"column":44}},{"start":{"line":141,"column":48},"end":{"line":141,"column":69}},{"start":{"line":141,"column":73},"end":{"line":141,"column":101}}]}},"s":{"0":1,"1":4,"2":4,"3":4,"4":4,"5":4,"6":4,"7":1,"8":2,"9":1,"10":1,"11":0,"12":0,"13":0,"14":0,"15":0,"16":0,"17":0,"18":0,"19":0,"20":0,"21":0,"22":0,"23":0,"24":1,"25":1,"26":1,"27":1,"28":1,"29":1,"30":1,"31":1,"32":4,"33":1},"f":{"0":4,"1":4,"2":4,"3":4,"4":1,"5":2,"6":1,"7":0,"8":0,"9":0,"10":0,"11":0,"12":0,"13":1,"14":1,"15":1,"16":1,"17":4},"b":{"0":[4],"1":[4,4],"2":[4,4],"3":[0,0],"4":[1,0,0]}}
,"C:\\Users\\cloncar\\source\\repos\\ts-redux-actions-reducer-factory\\src\\index.ts": {"path":"C:\\Users\\cloncar\\source\\repos\\ts-redux-actions-reducer-factory\\src\\index.ts","statementMap":{"0":{"start":{"line":1,"column":0},"end":{"line":1,"column":33}}},"fnMap":{},"branchMap":{},"s":{"0":1},"f":{},"b":{}}
}
